<?xml version="1.0" encoding="UTF-8"?>
<!-- Generated by org.testng.reporters.JUnitReportReporter -->
<testsuite hostname="HARPREETs-MacBook-Pro.local" failures="0" tests="8" name="com.homepie.qa.testcases.TS001_CreateListing" time="182.426" errors="0" timestamp="2023-02-15T00:34:17 IST" skipped="0">
  <testcase classname="com.homepie.qa.testcases.TS001_CreateListing" name="TC008_validateUserListingsAdded" time="1.886"/>
  <system-out/>
  <testcase classname="com.homepie.qa.testcases.TS001_CreateListing" name="TC004_ConfirmAddressForListing" time="10.328"/>
  <system-out/>
  <testcase classname="com.homepie.qa.testcases.TS001_CreateListing" name="TC002_NavigateToListingPage" time="14.799"/>
  <system-out/>
  <testcase classname="com.homepie.qa.testcases.TS001_CreateListing" name="TC003_FillAddressForListing" time="5.753"/>
  <system-out/>
  <testcase classname="com.homepie.qa.testcases.TS001_CreateListing" name="TC001_LoginHomePieAutomation" time="20.112"/>
  <system-out/>
  <testcase classname="com.homepie.qa.testcases.TS001_CreateListing" name="TC005_AddDetailsForListing" time="87.625"/>
  <system-out/>
  <testcase classname="com.homepie.qa.testcases.TS001_CreateListing" name="TC006_ValidateListingDetails" time="10.223"/>
  <system-out/>
  <testcase classname="com.homepie.qa.testcases.TS001_CreateListing" name="TC007_GoToMyListingsPage" time="31.700"/>
  <system-out/>
</testsuite> <!-- com.homepie.qa.testcases.TS001_CreateListing -->
